GET -- /api/blog/list -- Mozilla/5.0 (Macintosh; Intel Mac OS X 10_14_6) AppleWebKit/537.36 (KHTML, like Gecko) Chrome/87.0.4280.141 Safari/537.36 -- 1615944391475
POST -- /api/user/login -- PostmanRuntime/7.26.10 -- 1615944397010
GET -- /api/blog/list -- Mozilla/5.0 (Macintosh; Intel Mac OS X 10_14_6) AppleWebKit/537.36 (KHTML, like Gecko) Chrome/87.0.4280.141 Safari/537.36 -- 1615944541573
GET -- /api/blog/list -- Mozilla/5.0 (Macintosh; Intel Mac OS X 10_14_6) AppleWebKit/537.36 (KHTML, like Gecko) Chrome/87.0.4280.141 Safari/537.36 -- 1615944542570
POST -- /api/user/login -- PostmanRuntime/7.26.10 -- 1615944889456
POST -- /api/user/login -- PostmanRuntime/7.26.10 -- 1615944901222
POST -- /api/user/register -- PostmanRuntime/7.26.10 -- 1615968550962
POST -- /api/user/register -- PostmanRuntime/7.26.10 -- 1615968581087
POST -- /api/user/register -- PostmanRuntime/7.26.10 -- 1615968602625
POST -- /api/user/register -- PostmanRuntime/7.26.10 -- 1615968645100
POST -- /api/user/register -- PostmanRuntime/7.26.10 -- 1615968693410
POST -- /api/user/register -- PostmanRuntime/7.26.10 -- 1615968718183
POST -- /api/user/register -- PostmanRuntime/7.26.10 -- 1615968725656
POST -- /api/user/login -- PostmanRuntime/7.26.10 -- 1615968822905
POST -- /api/user/login -- PostmanRuntime/7.26.10 -- 1615968824531
POST -- /api/user/login -- PostmanRuntime/7.26.10 -- 1615968827068
POST -- /api/user/login -- PostmanRuntime/7.26.10 -- 1615968831438
POST -- /api/user/register -- PostmanRuntime/7.26.10 -- 1615968835611
POST -- /api/user/register -- PostmanRuntime/7.26.10 -- 1615969517917
POST -- /api/user/register -- PostmanRuntime/7.26.10 -- 1615969523811
POST -- /api/user/login -- PostmanRuntime/7.26.10 -- 1615969531722
POST -- /api/user/login -- PostmanRuntime/7.26.10 -- 1615969533728
POST -- /api/user/update -- PostmanRuntime/7.26.10 -- 1615969693689
POST -- /api/user/update -- PostmanRuntime/7.26.10 -- 1615970101461
POST -- /api/user/update -- PostmanRuntime/7.26.10 -- 1615970136529
POST -- /api/user/update -- PostmanRuntime/7.26.10 -- 1615970142189
POST -- /api/user/update -- PostmanRuntime/7.26.10 -- 1615970151834
POST -- /api/user/update -- PostmanRuntime/7.26.10 -- 1615970187818
POST -- /api/user/update -- PostmanRuntime/7.26.10 -- 1615970200683
POST -- /api/user/update -- PostmanRuntime/7.26.10 -- 1615970233703
POST -- /api/user/update -- PostmanRuntime/7.26.10 -- 1615970243169
POST -- /api/user/update -- PostmanRuntime/7.26.10 -- 1615970286624
POST -- /api/user/update -- PostmanRuntime/7.26.10 -- 1615970333223
POST -- /api/user/update -- PostmanRuntime/7.26.10 -- 1615970353563
POST -- /api/user/update -- PostmanRuntime/7.26.10 -- 1615970423778
POST -- /api/user/update -- PostmanRuntime/7.26.10 -- 1615970454930
POST -- /api/user/update -- PostmanRuntime/7.26.10 -- 1615970512947
POST -- /api/user/login -- PostmanRuntime/7.26.10 -- 1615970567571
POST -- /api/user/login -- PostmanRuntime/7.26.10 -- 1615970573835
POST -- /api/user/update -- PostmanRuntime/7.26.10 -- 1615970579936
POST -- /api/user/update -- PostmanRuntime/7.26.10 -- 1615970616788
POST -- /api/user/update -- PostmanRuntime/7.26.10 -- 1615970631050
POST -- /api/user/update -- PostmanRuntime/7.26.10 -- 1615970649689
POST -- /api/user/update -- PostmanRuntime/7.26.10 -- 1615971147528
POST -- /api/user/update -- PostmanRuntime/7.26.10 -- 1615971176912
POST -- /api/user/update -- PostmanRuntime/7.26.10 -- 1615971196694
POST -- /api/user/update -- PostmanRuntime/7.26.10 -- 1615971205668
POST -- /api/user/update -- PostmanRuntime/7.26.10 -- 1615971220206
POST -- /api/user/update -- PostmanRuntime/7.26.10 -- 1615971324648
POST -- /api/user/update -- PostmanRuntime/7.26.10 -- 1615971397681
POST -- /api/user/update -- PostmanRuntime/7.26.10 -- 1615971404637
POST -- /api/user/update -- PostmanRuntime/7.26.10 -- 1615971431845
POST -- /api/user/update -- PostmanRuntime/7.26.10 -- 1615971549219
POST -- /api/user/update -- PostmanRuntime/7.26.10 -- 1615971558221
POST -- /api/user/update -- PostmanRuntime/7.26.10 -- 1615971579381
POST -- /api/user/update -- PostmanRuntime/7.26.10 -- 1615971602086
POST -- /api/user/update -- PostmanRuntime/7.26.10 -- 1616028054090
POST -- /api/user/update -- PostmanRuntime/7.26.10 -- 1616028073561
POST -- /api/user/update -- PostmanRuntime/7.26.10 -- 1616028111334
POST -- /api/user/update -- PostmanRuntime/7.26.10 -- 1616028145626
POST -- /api/user/update -- PostmanRuntime/7.26.10 -- 1616028186380
POST -- /api/user/update -- PostmanRuntime/7.26.10 -- 1616028239591
POST -- /api/user/update -- PostmanRuntime/7.26.10 -- 1616028261994
POST -- /api/user/update -- PostmanRuntime/7.26.10 -- 1616028306569
POST -- /api/user/update -- PostmanRuntime/7.26.10 -- 1616028442946
POST -- /api/user/update -- PostmanRuntime/7.26.10 -- 1616028637924
POST -- /api/user/update -- PostmanRuntime/7.26.10 -- 1616028681666
POST -- /api/user/update -- PostmanRuntime/7.26.10 -- 1616028697105
POST -- /api/user/update -- PostmanRuntime/7.26.10 -- 1616028733388
POST -- /api/user/update -- PostmanRuntime/7.26.10 -- 1616028755690
POST -- /api/user/update -- PostmanRuntime/7.26.10 -- 1616028861320
POST -- /api/user/update -- PostmanRuntime/7.26.10 -- 1616028906720
POST -- /api/user/update -- PostmanRuntime/7.26.10 -- 1616028921159
POST -- /api/user/update -- PostmanRuntime/7.26.10 -- 1616028932708
POST -- /api/user/update -- PostmanRuntime/7.26.10 -- 1616029002819
POST -- /api/user/update -- PostmanRuntime/7.26.10 -- 1616029037401
POST -- /api/user/update -- PostmanRuntime/7.26.10 -- 1616029101742
POST -- /api/user/update -- PostmanRuntime/7.26.10 -- 1616029122318
POST -- /api/user/update -- PostmanRuntime/7.26.10 -- 1616029980377
POST -- /api/user/update -- PostmanRuntime/7.26.10 -- 1616030252501
POST -- /api/user/update -- PostmanRuntime/7.26.10 -- 1616030270915
POST -- /api/user/update -- PostmanRuntime/7.26.10 -- 1616030336019
POST -- /api/user/update -- PostmanRuntime/7.26.10 -- 1616030360846
POST -- /api/user/update -- PostmanRuntime/7.26.10 -- 1616030373330
POST -- /api/user/update -- PostmanRuntime/7.26.10 -- 1616030411106
POST -- /api/user/update -- PostmanRuntime/7.26.10 -- 1616030477890
POST -- /api/user/update -- PostmanRuntime/7.26.10 -- 1616030531975
POST -- /api/user/update -- PostmanRuntime/7.26.10 -- 1616030570770
POST -- /api/user/update -- PostmanRuntime/7.26.10 -- 1616030579344
POST -- /api/user/update -- PostmanRuntime/7.26.10 -- 1616030586284
POST -- /api/user/update -- PostmanRuntime/7.26.10 -- 1616030589656
POST -- /api/user/update -- PostmanRuntime/7.26.10 -- 1616030593368
POST -- /api/user/update -- PostmanRuntime/7.26.10 -- 1616030595121
POST -- /api/user/update -- PostmanRuntime/7.26.10 -- 1616030597889
POST -- /api/user/update -- PostmanRuntime/7.26.10 -- 1616030625658
POST -- /api/user/update -- PostmanRuntime/7.26.10 -- 1616030678810
POST -- /api/user/update -- PostmanRuntime/7.26.10 -- 1616030758544
POST -- /api/user/update -- PostmanRuntime/7.26.10 -- 1616030827099
POST -- /api/user/update -- PostmanRuntime/7.26.10 -- 1616030830489
POST -- /api/user/register -- PostmanRuntime/7.26.10 -- 1616030918027
POST -- /api/user/register -- PostmanRuntime/7.26.10 -- 1616030972928
POST -- /api/user/register -- PostmanRuntime/7.26.10 -- 1616031008242
POST -- /api/user/update -- PostmanRuntime/7.26.10 -- 1616031052403
POST -- /api/user/login -- PostmanRuntime/7.26.10 -- 1616031078009
POST -- /api/user/login -- PostmanRuntime/7.26.10 -- 1616031081909
POST -- /api/user/login -- PostmanRuntime/7.26.10 -- 1616031091431
POST -- /api/user/login -- PostmanRuntime/7.26.10 -- 1616031111364
POST -- /api/user/login -- PostmanRuntime/7.26.10 -- 1616031149896
POST -- /api/user/update -- PostmanRuntime/7.26.10 -- 1616031163694
POST -- /api/user/update -- PostmanRuntime/7.26.10 -- 1616031171288
POST -- /api/user/update -- PostmanRuntime/7.26.10 -- 1616031175617
POST -- /api/user/update -- PostmanRuntime/7.26.10 -- 1616031197722
POST -- /api/user/update -- PostmanRuntime/7.26.10 -- 1616031226034
POST -- /api/user/update -- PostmanRuntime/7.26.10 -- 1616031244018
POST -- /api/user/update -- PostmanRuntime/7.26.10 -- 1616031244775
POST -- /api/user/update -- PostmanRuntime/7.26.10 -- 1616031245317
POST -- /api/user/update -- PostmanRuntime/7.26.10 -- 1616031252078
POST -- /api/user/update -- PostmanRuntime/7.26.10 -- 1616031279544
POST -- /api/user/update -- PostmanRuntime/7.26.10 -- 1616031360211
POST -- /api/user/update -- PostmanRuntime/7.26.10 -- 1616031361507
POST -- /api/user/update -- PostmanRuntime/7.26.10 -- 1616031362210
POST -- /api/user/update -- PostmanRuntime/7.26.10 -- 1616031362775
POST -- /api/user/update -- PostmanRuntime/7.26.10 -- 1616031363308
POST -- /api/user/update -- PostmanRuntime/7.26.10 -- 1616031396864
POST -- /api/user/update -- PostmanRuntime/7.26.10 -- 1616031401169
POST -- /api/user/update -- PostmanRuntime/7.26.10 -- 1616031406477
POST -- /api/user/update -- PostmanRuntime/7.26.10 -- 1616031434593
POST -- /api/user/update -- PostmanRuntime/7.26.10 -- 1616031439804
POST -- /api/user/update -- PostmanRuntime/7.26.10 -- 1616031440967
POST -- /api/user/update -- PostmanRuntime/7.26.10 -- 1616031444856
POST -- /api/user/update -- PostmanRuntime/7.26.10 -- 1616031448210
POST -- /api/user/update -- PostmanRuntime/7.26.10 -- 1616031453043
POST -- /api/user/update -- PostmanRuntime/7.26.10 -- 1616031454200
POST -- /api/user/update -- PostmanRuntime/7.26.10 -- 1616031454777
POST -- /api/user/login -- PostmanRuntime/7.26.10 -- 1616031469199
POST -- /api/user/login -- PostmanRuntime/7.26.10 -- 1616031486994
POST -- /api/user/login -- PostmanRuntime/7.26.10 -- 1616031495029
POST -- /api/user/update -- PostmanRuntime/7.26.10 -- 1616031507670
POST -- /api/user/update -- PostmanRuntime/7.26.10 -- 1616031510557
POST -- /api/user/update -- PostmanRuntime/7.26.10 -- 1616031512640
POST -- /api/user/update -- PostmanRuntime/7.26.10 -- 1616031573972
POST -- /api/user/update -- PostmanRuntime/7.26.10 -- 1616031587025
POST -- /api/user/update -- PostmanRuntime/7.26.10 -- 1616031616009
POST -- /api/user/update -- PostmanRuntime/7.26.10 -- 1616031623288
POST -- /api/user/update -- PostmanRuntime/7.26.10 -- 1616031625868
POST -- /api/user/update -- PostmanRuntime/7.26.10 -- 1616031631837
POST -- /api/user/update -- PostmanRuntime/7.26.10 -- 1616031640959
POST -- /api/user/update -- PostmanRuntime/7.26.10 -- 1616031645934
POST -- /api/user/update -- PostmanRuntime/7.26.10 -- 1616031661887
POST -- /api/user/update -- PostmanRuntime/7.26.10 -- 1616031681322
POST -- /api/user/update -- PostmanRuntime/7.26.10 -- 1616031684081
POST -- /api/user/update -- PostmanRuntime/7.26.10 -- 1616031688106
POST -- /api/user/update -- PostmanRuntime/7.26.10 -- 1616031689446
POST -- /api/user/update -- PostmanRuntime/7.26.10 -- 1616031695681
POST -- /api/user/update -- PostmanRuntime/7.26.10 -- 1616031700233
POST -- /api/user/update -- PostmanRuntime/7.26.10 -- 1616031761054
POST -- /api/user/update -- PostmanRuntime/7.26.10 -- 1616031764276
POST -- /api/user/update -- PostmanRuntime/7.26.10 -- 1616031765245
POST -- /api/user/update -- PostmanRuntime/7.26.10 -- 1616031766054
POST -- /api/user/update -- PostmanRuntime/7.26.10 -- 1616031772758
POST -- /api/user/update -- PostmanRuntime/7.26.10 -- 1616031774078
POST -- /api/user/update -- PostmanRuntime/7.26.10 -- 1616031821702
POST -- /api/user/update -- PostmanRuntime/7.26.10 -- 1616031823534
POST -- /api/user/update -- PostmanRuntime/7.26.10 -- 1616031827111
POST -- /api/user/update -- PostmanRuntime/7.26.10 -- 1616031842329
POST -- /api/user/update -- PostmanRuntime/7.26.10 -- 1616031856369
POST -- /api/user/update -- PostmanRuntime/7.26.10 -- 1616031926818
POST -- /api/user/update -- PostmanRuntime/7.26.10 -- 1616031944071
POST -- /api/user/update -- PostmanRuntime/7.26.10 -- 1616031948920
POST -- /api/user/update -- PostmanRuntime/7.26.10 -- 1616031977530
POST -- /api/user/update -- PostmanRuntime/7.26.10 -- 1616031994473
POST -- /api/user/update -- PostmanRuntime/7.26.10 -- 1616031995288
POST -- /api/user/update -- PostmanRuntime/7.26.10 -- 1616032012953
POST -- /api/user/update -- PostmanRuntime/7.26.10 -- 1616032013844
POST -- /api/user/update -- PostmanRuntime/7.26.10 -- 1616032043594
POST -- /api/user/update -- PostmanRuntime/7.26.10 -- 1616032055712
POST -- /api/user/update -- PostmanRuntime/7.26.10 -- 1616032138128
POST -- /api/user/update -- PostmanRuntime/7.26.10 -- 1616032144485
POST -- /api/user/update -- PostmanRuntime/7.26.10 -- 1616032149493
POST -- /api/user/update -- PostmanRuntime/7.26.10 -- 1616032157380
POST -- /api/user/update -- PostmanRuntime/7.26.10 -- 1616032162450
POST -- /api/user/update -- PostmanRuntime/7.26.10 -- 1616032185282
POST -- /api/user/update -- PostmanRuntime/7.26.10 -- 1616032195075
POST -- /api/user/update -- PostmanRuntime/7.26.10 -- 1616032228137
POST -- /api/user/update -- PostmanRuntime/7.26.10 -- 1616032244725
POST -- /api/user/update -- PostmanRuntime/7.26.10 -- 1616032260757
POST -- /api/user/update -- PostmanRuntime/7.26.10 -- 1616032324501
POST -- /api/user/update -- PostmanRuntime/7.26.10 -- 1616032358568
POST -- /api/user/update -- PostmanRuntime/7.26.10 -- 1616032623170
POST -- /api/user/update -- PostmanRuntime/7.26.10 -- 1616032625320
POST -- /api/user/update -- PostmanRuntime/7.26.10 -- 1616032629589
POST -- /api/user/login -- PostmanRuntime/7.26.10 -- 1616032654555
POST -- /api/user/login -- PostmanRuntime/7.26.10 -- 1616032663633
POST -- /api/user/update -- PostmanRuntime/7.26.10 -- 1616032669858
POST -- /api/user/login -- PostmanRuntime/7.26.10 -- 1616032678119
POST -- /api/user/login -- PostmanRuntime/7.26.10 -- 1616032679241
POST -- /api/user/login -- PostmanRuntime/7.26.10 -- 1616032683915
POST -- /api/user/login -- PostmanRuntime/7.26.10 -- 1616032702304
POST -- /api/user/update -- PostmanRuntime/7.26.10 -- 1616032708682
POST -- /api/user/update -- PostmanRuntime/7.26.10 -- 1616032856325
POST -- /api/user/update -- PostmanRuntime/7.26.10 -- 1616032861722
POST -- /api/user/update -- PostmanRuntime/7.26.10 -- 1616032866484
POST -- /api/user/update -- PostmanRuntime/7.26.10 -- 1616032884244
POST -- /api/user/update -- PostmanRuntime/7.26.10 -- 1616032895449
GET -- /api/blog/list -- Mozilla/5.0 (Macintosh; Intel Mac OS X 10_14_6) AppleWebKit/537.36 (KHTML, like Gecko) Chrome/87.0.4280.141 Safari/537.36 -- 1616075952314
GET -- /api/user/login-test -- Mozilla/5.0 (Macintosh; Intel Mac OS X 10_14_6) AppleWebKit/537.36 (KHTML, like Gecko) Chrome/89.0.4389.90 Safari/537.36 -- 1616575154878
GET -- /api/user/login-test -- Mozilla/5.0 (Macintosh; Intel Mac OS X 10_14_6) AppleWebKit/537.36 (KHTML, like Gecko) Chrome/89.0.4389.90 Safari/537.36 -- 1616575171123
GET -- /api/user/login-test -- Mozilla/5.0 (Macintosh; Intel Mac OS X 10_14_6) AppleWebKit/537.36 (KHTML, like Gecko) Chrome/89.0.4389.90 Safari/537.36 -- 1616575196497
GET -- /favicon.ico -- Mozilla/5.0 (Macintosh; Intel Mac OS X 10_14_6) AppleWebKit/537.36 (KHTML, like Gecko) Chrome/89.0.4389.90 Safari/537.36 -- 1616575196844
GET -- /api/user/login-test -- Mozilla/5.0 (Macintosh; Intel Mac OS X 10_14_6) AppleWebKit/537.36 (KHTML, like Gecko) Chrome/89.0.4389.90 Safari/537.36 -- 1616575235550
GET -- /api/user/login-test -- Mozilla/5.0 (Macintosh; Intel Mac OS X 10_14_6) AppleWebKit/537.36 (KHTML, like Gecko) Chrome/89.0.4389.90 Safari/537.36 -- 1616575559601
GET -- /api/user/login-test -- Mozilla/5.0 (Macintosh; Intel Mac OS X 10_14_6) AppleWebKit/537.36 (KHTML, like Gecko) Chrome/89.0.4389.90 Safari/537.36 -- 1616592367657
GET -- /api/user/login-test -- Mozilla/5.0 (Macintosh; Intel Mac OS X 10_14_6) AppleWebKit/537.36 (KHTML, like Gecko) Chrome/89.0.4389.90 Safari/537.36 -- 1616592368878
GET -- /api/user/login-test -- Mozilla/5.0 (Macintosh; Intel Mac OS X 10_14_6) AppleWebKit/537.36 (KHTML, like Gecko) Chrome/89.0.4389.90 Safari/537.36 -- 1616594435131
GET -- /api/user/login-test -- Mozilla/5.0 (Macintosh; Intel Mac OS X 10_14_6) AppleWebKit/537.36 (KHTML, like Gecko) Chrome/89.0.4389.90 Safari/537.36 -- 1616595009068
GET -- /api/user/login -- Mozilla/5.0 (Macintosh; Intel Mac OS X 10_14_6) AppleWebKit/537.36 (KHTML, like Gecko) Chrome/89.0.4389.90 Safari/537.36 -- 1616595789913
GET -- /api/user/login -- Mozilla/5.0 (Macintosh; Intel Mac OS X 10_14_6) AppleWebKit/537.36 (KHTML, like Gecko) Chrome/89.0.4389.90 Safari/537.36 -- 1616595795867
GET -- /api/user/login -- Mozilla/5.0 (Macintosh; Intel Mac OS X 10_14_6) AppleWebKit/537.36 (KHTML, like Gecko) Chrome/89.0.4389.90 Safari/537.36 -- 1616595800513
GET -- /api/blog/list -- Mozilla/5.0 (Macintosh; Intel Mac OS X 10_14_6) AppleWebKit/537.36 (KHTML, like Gecko) Chrome/89.0.4389.90 Safari/537.36 -- 1616595821694
GET -- /api/blog/list -- Mozilla/5.0 (Macintosh; Intel Mac OS X 10_14_6) AppleWebKit/537.36 (KHTML, like Gecko) Chrome/89.0.4389.90 Safari/537.36 -- 1616595882371
GET -- /api/blog/list -- Mozilla/5.0 (Macintosh; Intel Mac OS X 10_14_6) AppleWebKit/537.36 (KHTML, like Gecko) Chrome/89.0.4389.90 Safari/537.36 -- 1616595972278
GET -- /api/blog/list -- Mozilla/5.0 (Macintosh; Intel Mac OS X 10_14_6) AppleWebKit/537.36 (KHTML, like Gecko) Chrome/89.0.4389.90 Safari/537.36 -- 1616595983120
GET -- /api/blog/list -- Mozilla/5.0 (Macintosh; Intel Mac OS X 10_14_6) AppleWebKit/537.36 (KHTML, like Gecko) Chrome/89.0.4389.90 Safari/537.36 -- 1616596021160
GET -- /api/blog/list -- Mozilla/5.0 (Macintosh; Intel Mac OS X 10_14_6) AppleWebKit/537.36 (KHTML, like Gecko) Chrome/89.0.4389.90 Safari/537.36 -- 1616596035227
GET -- /api/blog/list -- Mozilla/5.0 (Macintosh; Intel Mac OS X 10_14_6) AppleWebKit/537.36 (KHTML, like Gecko) Chrome/89.0.4389.90 Safari/537.36 -- 1616596040314
GET -- /api/blog/list -- Mozilla/5.0 (Macintosh; Intel Mac OS X 10_14_6) AppleWebKit/537.36 (KHTML, like Gecko) Chrome/89.0.4389.90 Safari/537.36 -- 1616596096848
GET -- /api/blog/list -- Mozilla/5.0 (Macintosh; Intel Mac OS X 10_14_6) AppleWebKit/537.36 (KHTML, like Gecko) Chrome/89.0.4389.90 Safari/537.36 -- 1616596152233
GET -- /api/blog/list -- Mozilla/5.0 (Macintosh; Intel Mac OS X 10_14_6) AppleWebKit/537.36 (KHTML, like Gecko) Chrome/89.0.4389.90 Safari/537.36 -- 1616596215324
GET -- /api/blog/list -- Mozilla/5.0 (Macintosh; Intel Mac OS X 10_14_6) AppleWebKit/537.36 (KHTML, like Gecko) Chrome/89.0.4389.90 Safari/537.36 -- 1616596236505
GET -- /api/blog/list -- Mozilla/5.0 (Macintosh; Intel Mac OS X 10_14_6) AppleWebKit/537.36 (KHTML, like Gecko) Chrome/89.0.4389.90 Safari/537.36 -- 1616596260258
GET -- /api/blog/list3 -- Mozilla/5.0 (Macintosh; Intel Mac OS X 10_14_6) AppleWebKit/537.36 (KHTML, like Gecko) Chrome/89.0.4389.90 Safari/537.36 -- 1616596282847
GET -- /api/blog/list -- Mozilla/5.0 (Macintosh; Intel Mac OS X 10_14_6) AppleWebKit/537.36 (KHTML, like Gecko) Chrome/89.0.4389.90 Safari/537.36 -- 1616596285794
GET -- /api/blog/list -- Mozilla/5.0 (Macintosh; Intel Mac OS X 10_14_6) AppleWebKit/537.36 (KHTML, like Gecko) Chrome/89.0.4389.90 Safari/537.36 -- 1616596320879
GET -- /api/blog/list -- Mozilla/5.0 (Macintosh; Intel Mac OS X 10_14_6) AppleWebKit/537.36 (KHTML, like Gecko) Chrome/89.0.4389.90 Safari/537.36 -- 1616596362539
GET -- /api/blog/list -- Mozilla/5.0 (Macintosh; Intel Mac OS X 10_14_6) AppleWebKit/537.36 (KHTML, like Gecko) Chrome/89.0.4389.90 Safari/537.36 -- 1616596366619
GET -- /api/blog/list -- Mozilla/5.0 (Macintosh; Intel Mac OS X 10_14_6) AppleWebKit/537.36 (KHTML, like Gecko) Chrome/89.0.4389.90 Safari/537.36 -- 1616597396219
GET -- /favicon.ico -- Mozilla/5.0 (Macintosh; Intel Mac OS X 10_14_6) AppleWebKit/537.36 (KHTML, like Gecko) Chrome/89.0.4389.90 Safari/537.36 -- 1616597396538
GET -- /api/blog/list -- Mozilla/5.0 (Macintosh; Intel Mac OS X 10_14_6) AppleWebKit/537.36 (KHTML, like Gecko) Chrome/89.0.4389.90 Safari/537.36 -- 1616601255211
GET -- /api/blog/list -- Mozilla/5.0 (Macintosh; Intel Mac OS X 10_14_6) AppleWebKit/537.36 (KHTML, like Gecko) Chrome/89.0.4389.90 Safari/537.36 -- 1616601266158
GET -- /api/blog/list -- Mozilla/5.0 (Macintosh; Intel Mac OS X 10_14_6) AppleWebKit/537.36 (KHTML, like Gecko) Chrome/89.0.4389.90 Safari/537.36 -- 1616638673139
GET -- /favicon.ico -- Mozilla/5.0 (Macintosh; Intel Mac OS X 10_14_6) AppleWebKit/537.36 (KHTML, like Gecko) Chrome/89.0.4389.90 Safari/537.36 -- 1616638673320
GET -- /api/blog/list?isadmin=1 -- Mozilla/5.0 (Macintosh; Intel Mac OS X 10_14_6) AppleWebKit/537.36 (KHTML, like Gecko) Chrome/89.0.4389.90 Safari/537.36 -- 1616750754948
GET -- /api/blog/list -- Mozilla/5.0 (Macintosh; Intel Mac OS X 10_14_6) AppleWebKit/537.36 (KHTML, like Gecko) Chrome/89.0.4389.90 Safari/537.36 -- 1616750759409
GET -- /api/blog/detail?id=2 -- Mozilla/5.0 (Macintosh; Intel Mac OS X 10_14_6) AppleWebKit/537.36 (KHTML, like Gecko) Chrome/89.0.4389.90 Safari/537.36 -- 1616750763416
POST -- /api/user/login -- Mozilla/5.0 (Macintosh; Intel Mac OS X 10_14_6) AppleWebKit/537.36 (KHTML, like Gecko) Chrome/89.0.4389.90 Safari/537.36 -- 1616750777624
GET -- /api/blog/list?isadmin=1 -- Mozilla/5.0 (Macintosh; Intel Mac OS X 10_14_6) AppleWebKit/537.36 (KHTML, like Gecko) Chrome/89.0.4389.90 Safari/537.36 -- 1616750777799
GET -- /api/blog/list?isadmin=1 -- Mozilla/5.0 (Macintosh; Intel Mac OS X 10_14_6) AppleWebKit/537.36 (KHTML, like Gecko) Chrome/89.0.4389.90 Safari/537.36 -- 1616750791380
GET -- /api/blog/list?isadmin=1 -- Mozilla/5.0 (Macintosh; Intel Mac OS X 10_14_6) AppleWebKit/537.36 (KHTML, like Gecko) Chrome/89.0.4389.90 Safari/537.36 -- 1616750856647
GET -- /api/blog/list?isadmin=1 -- Mozilla/5.0 (Macintosh; Intel Mac OS X 10_14_6) AppleWebKit/537.36 (KHTML, like Gecko) Chrome/89.0.4389.90 Safari/537.36 -- 1616750862566
GET -- /api/blog/list -- Mozilla/5.0 (Macintosh; Intel Mac OS X 10_14_6) AppleWebKit/537.36 (KHTML, like Gecko) Chrome/89.0.4389.90 Safari/537.36 -- 1616750868474
POST -- /api/user/login -- Mozilla/5.0 (Macintosh; Intel Mac OS X 10_14_6) AppleWebKit/537.36 (KHTML, like Gecko) Chrome/89.0.4389.90 Safari/537.36 -- 1616750882631
GET -- /api/blog/list?isadmin=1 -- Mozilla/5.0 (Macintosh; Intel Mac OS X 10_14_6) AppleWebKit/537.36 (KHTML, like Gecko) Chrome/89.0.4389.90 Safari/537.36 -- 1616750882959
GET -- /api/blog/list?isadmin=1 -- Mozilla/5.0 (Macintosh; Intel Mac OS X 10_14_6) AppleWebKit/537.36 (KHTML, like Gecko) Chrome/90.0.4430.93 Safari/537.36 -- 1621234184730
POST -- /api/user/login -- Mozilla/5.0 (Macintosh; Intel Mac OS X 10_14_6) AppleWebKit/537.36 (KHTML, like Gecko) Chrome/90.0.4430.93 Safari/537.36 -- 1621234198748
GET -- /api/blog/list?isadmin=1 -- Mozilla/5.0 (Macintosh; Intel Mac OS X 10_14_6) AppleWebKit/537.36 (KHTML, like Gecko) Chrome/90.0.4430.93 Safari/537.36 -- 1621234198988
GET -- /api/blog/list -- Mozilla/5.0 (Macintosh; Intel Mac OS X 10_14_6) AppleWebKit/537.36 (KHTML, like Gecko) Chrome/90.0.4430.93 Safari/537.36 -- 1621234211571
POST -- /api/user/login -- Mozilla/5.0 (Macintosh; Intel Mac OS X 10_14_6) AppleWebKit/537.36 (KHTML, like Gecko) Chrome/90.0.4430.93 Safari/537.36 -- 1621234221374
GET -- /api/blog/list?isadmin=1 -- Mozilla/5.0 (Macintosh; Intel Mac OS X 10_14_6) AppleWebKit/537.36 (KHTML, like Gecko) Chrome/90.0.4430.93 Safari/537.36 -- 1621234221591
POST -- /api/user/login -- Mozilla/5.0 (Macintosh; Intel Mac OS X 10_14_6) AppleWebKit/537.36 (KHTML, like Gecko) Chrome/90.0.4430.93 Safari/537.36 -- 1621235103992
GET -- /api/blog/list?isadmin=1 -- Mozilla/5.0 (Macintosh; Intel Mac OS X 10_14_6) AppleWebKit/537.36 (KHTML, like Gecko) Chrome/90.0.4430.93 Safari/537.36 -- 1621235104162
GET -- /api/blog/list -- Mozilla/5.0 (Macintosh; Intel Mac OS X 10_14_6) AppleWebKit/537.36 (KHTML, like Gecko) Chrome/90.0.4430.93 Safari/537.36 -- 1621235276858
POST -- /api/user/login -- Mozilla/5.0 (Macintosh; Intel Mac OS X 10_14_6) AppleWebKit/537.36 (KHTML, like Gecko) Chrome/90.0.4430.93 Safari/537.36 -- 1621235288011
GET -- /api/blog/list -- Mozilla/5.0 (Macintosh; Intel Mac OS X 10_14_6) AppleWebKit/537.36 (KHTML, like Gecko) Chrome/90.0.4430.93 Safari/537.36 -- 1621235299648
POST -- /api/user/login -- Mozilla/5.0 (Macintosh; Intel Mac OS X 10_14_6) AppleWebKit/537.36 (KHTML, like Gecko) Chrome/90.0.4430.93 Safari/537.36 -- 1621235310263
GET -- /api/blog/list?isadmin=1 -- Mozilla/5.0 (Macintosh; Intel Mac OS X 10_14_6) AppleWebKit/537.36 (KHTML, like Gecko) Chrome/90.0.4430.93 Safari/537.36 -- 1621235476124
GET -- /api/blog/list?isadmin=1 -- Mozilla/5.0 (Macintosh; Intel Mac OS X 10_14_6) AppleWebKit/537.36 (KHTML, like Gecko) Chrome/90.0.4430.93 Safari/537.36 -- 1621236349418
POST -- /api/user/login -- Mozilla/5.0 (Macintosh; Intel Mac OS X 10_14_6) AppleWebKit/537.36 (KHTML, like Gecko) Chrome/90.0.4430.93 Safari/537.36 -- 1621236377461
GET -- /api/blog/list?isadmin=1 -- Mozilla/5.0 (Macintosh; Intel Mac OS X 10_14_6) AppleWebKit/537.36 (KHTML, like Gecko) Chrome/90.0.4430.93 Safari/537.36 -- 1621236377647
